[info] Building project scalaz 6.0.2-SNAPSHOT against Scala 2.9.0-1
[info]    using ScalazProject with sbt 0.7.7 and Scala 2.7.7
[info] Building project scalaz 6.0.2-SNAPSHOT against Scala 2.10.0.local
[info]    using ScalazProject with sbt 0.7.7 and Scala 2.7.7
[info] 
[info] == scalaz-core / clean src_managed ==
[info] Deleting directory /Users/jason/code/scalaz/core/src_managed/main/scala
[info] == scalaz-core / clean src_managed ==
[info] 
[info] == scalaz-core / generate-tuple-w ==
[info] == scalaz-core / generate-tuple-w ==
[info] 
[info] == scalaz-core / compile ==
[info]   Source analysis: 120 new/modified, 0 indirectly invalidated, 0 removed.
[info] Compiling main sources...
Enabling statistics, measuring overhead = 86.8ns to 740.0ns per timer
[info] *** Cumulative statistics at phase parser
[info] #created tree nodes  : 163307
[info] #created tree nodes by type: ArrayBuffer()
[info] *** Cumulative statistics at phase typer
[info] #created tree nodes  : 455884
[info] #created tree nodes by type: ArrayBuffer()
[info] #retained nodes          : 127835
[info] #retained nodes by type  : ArrayBuffer(TypeTree: 31047, Select: 18217, Ident: 15294, Apply: 9150, ValDef: 7112, : 7041, This: 6159, TypeDef: 5841, TypeApply: 5710, DefDef: 5545, Block: 2566, Literal: 2085, ApplyToImplicitArgs: 1830, Function: 1408, Template: 1209, Bind: 1044, New: 1036, ClassDef: 1032, Super: 951, ApplyImplicitView: 915, CaseDef: 896, Match: 416, Import: 307, If: 255, ModuleDef: 177, Typed: 157, PackageDef: 127, Throw: 102, UnApply: 77, AppliedTypeTree: 42, Assign: 37, LabelDef: 28, Try: 18, Return: 4)
[info] #typechecked identifiers : 64956
[info] #typechecked selections  : 58849
[info] #typechecked applications: 13705
[info] #raw type creations      : 0
[info]   of which in failed     : 0
[info]   of which in implicits  : 0
[info] #unique types            : 631975
[info] #symbols                 : 547298
[info]   of which type symbols  : 0
[info]   of which class symbols : 0
[info] #base type seqs          : 0
[info] avg base type seq length : NaN
[info] #singleton base type seqs: 0
[info] #compound base type seqs : 0
[info] #typeref base type seqs  : 0
[info] #findMember ops          : 0
[info]   of which in failed     : 0
[info]   of which in implicits  : 0
[info] #notfound member         : 0
[info] #multiple member         : 0
[info] #asSeenFrom ops          : 0
[info] #subtype                 : 0
[info]   of which in failed     : 0
[info]   of which in implicits  : 0
[info]   of which in app impl   : 0
[info]   of which in improv     : 0
[info] #sametype                : 0
[info] ms type-flow-analysis: 0
[info] time spent typechecking  : 1 spans, 40092432000ns (100.0%)
[info] time classfilereading    : 426 spans, 1265799000ns (3.2%)
[info] time spent in implicits  : 4857 spans, 27042003000ns (67.4%)
[info]     successful in scope  : 3694 spans, 17943725000ns (44.8%)
[info]         failed in scope  : 3591 spans, 10737839000ns (26.8%)
[info]      successful of type  : 1449 spans, 5529860000ns (13.8%)
[info]          failed of type  : 2038 spans, 2812356000ns (7.0%)
[info]        assembling parts  : 1370 spans, 345161000ns (0.9%)
[info]               matchesPT  : 326716 spans, 5727065000ns (14.3%)
[info] implicit cache hits      : 952 (41.0%)
[info] time spent in failed     : 9228 spans, 82530000ns (0.2%)
[info]        failed apply      : 8411 spans, 0ns (0.0%)
[info]        failed op=        : 6857 spans, 52648000ns (0.1%)
[info] micros by tree node      : ArrayBuffer(Select: 15913512, Apply: 11609845, Ident: 3433658, TypeApply: 2733078, DefDef: 1232755, AppliedTypeTree: 1116845, Block: 968435, ClassDef: 655753, SelectFromTypeTree: 420030, ApplyToImplicitArgs: 252806, Function: 233046, Match: 224736, ModuleDef: 214435, If: 181961, TypeBoundsTree: 156281, Typed: 123839, ApplyImplicitView: 110297, Literal: 77553, CompoundTypeTree: 74770, ValDef: 60452, This: 53465, TypeDef: 48983, New: 38795, PackageDef: 33978, TypeTree: 29937, Super: 22250, Annotated: 20411, Bind: 16623, ExistentialTypeTree: 7405, Try: 4088, Throw: 3830, AssignOrNamedArg: 2243, LabelDef: 1619, Assign: 1534, SingletonTypeTree: 602, : 434, Return: 143)
[info] #visits by tree node     : ArrayBuffer(Select: 74802, Ident: 72612, AppliedTypeTree: 19439, TypeBoundsTree: 12670, TypeTree: 12153, Apply: 11434, DefDef: 5891, Block: 4859, Literal: 4530, TypeApply: 3019, This: 2929, ApplyToImplicitArgs: 2455, Function: 2072, ApplyImplicitView: 1781, SelectFromTypeTree: 1222, CompoundTypeTree: 1126, New: 1118, Bind: 1045, ClassDef: 1032, ValDef: 989, Super: 951, TypeDef: 694, Match: 505, Typed: 389, If: 258, AssignOrNamedArg: 192, ModuleDef: 177, : 161, PackageDef: 127, Throw: 106, Assign: 49, ExistentialTypeTree: 41, Annotated: 39, LabelDef: 28, SingletonTypeTree: 26, Try: 18, Return: 4)
[info] avg micros by tree node  : ArrayBuffer(ModuleDef: 1211, Apply: 1015, TypeApply: 905, If: 705, ClassDef: 635, Annotated: 523, Match: 445, SelectFromTypeTree: 343, Typed: 318, PackageDef: 267, Try: 227, Select: 212, DefDef: 209, Block: 199, ExistentialTypeTree: 180, Function: 112, ApplyToImplicitArgs: 102, TypeDef: 70, CompoundTypeTree: 66, ApplyImplicitView: 61, ValDef: 61, LabelDef: 57, AppliedTypeTree: 57, Ident: 47, Throw: 36, Return: 35, New: 34, Assign: 31, Super: 23, SingletonTypeTree: 23, This: 18, Literal: 17, Bind: 15, TypeBoundsTree: 12, AssignOrNamedArg: 11, : 2, TypeTree: 2)
[info] time spent in <:<        : 0 spans, 0ns (0.0%)
[info] time spent in findmember : 0 spans, 0ns (0.0%)
[info] time spent in asSeenFrom : 0 spans, 0ns (0.0%)
[info] #implicit searches       : 4857
[info] #tried, plausible, matching, typed, found implicits: 0, 4618, 4618, 4071, 3133
[info] #implicit improves tests : 1286
[info] #implicit improves cached: 277
[info] #implicit inscope hits   : 2532
[info] #implicit oftype hits    : 574
[info] #ctr1                    : 0
[info] #ctr2                    : 0
[info] #ctr3                    : 0
[info] #ctr4                    : 0
[info] #counter1                : 0
[info] #counter2                : 0
[info] #timer1                  : 0 spans, 0ns
[info] #timer2                  : 0 spans, 0ns
[info] *** Cumulative statistics at phase erasure
[info] #created tree nodes  : 945410
[info] #created tree nodes by type: ArrayBuffer()
[info] #retained nodes          : 262172
[info] #retained nodes by type  : ArrayBuffer(TypeTree: 59042, Select: 38468, Apply: 28523, ValDef: 18529, Ident: 18342, This: 18137, DefDef: 18048, : 16591, Block: 10373, Literal: 5418, New: 5150, TypeApply: 4653, Template: 4432, ClassDef: 4432, Super: 4009, Typed: 3175, ApplyToImplicitArgs: 1829, If: 1133, ApplyImplicitView: 912, Throw: 473, PackageDef: 127, LabelDef: 108, CaseDef: 79, Assign: 75, ArrayValue: 59, Match: 19, Try: 18, Bind: 14, Return: 4)
[info] #typechecked identifiers : 86054
[info] #typechecked selections  : 99239
[info] #typechecked applications: 54736
[info] #raw type creations      : 0
[info]   of which in failed     : 0
[info]   of which in implicits  : 0
[info] #unique types            : 688069
[info] #symbols                 : 755024
[info]   of which type symbols  : 0
[info]   of which class symbols : 0
[info] #base type seqs          : 0
[info] avg base type seq length : NaN
[info] #singleton base type seqs: 0
[info] #compound base type seqs : 0
[info] #typeref base type seqs  : 0
[info] #findMember ops          : 0
[info]   of which in failed     : 0
[info]   of which in implicits  : 0
[info] #notfound member         : 0
[info] #multiple member         : 0
[info] #asSeenFrom ops          : 0
[info] #subtype                 : 0
[info]   of which in failed     : 0
[info]   of which in implicits  : 0
[info]   of which in app impl   : 0
[info]   of which in improv     : 0
[info] #sametype                : 0
[info] ms type-flow-analysis: 0
[info] #ctr1                    : 0
[info] #ctr2                    : 0
[info] #ctr3                    : 0
[info] #ctr4                    : 0
[info] #counter1                : 0
[info] #counter2                : 0
[info] #timer1                  : 0 spans, 0ns
[info] #timer2                  : 0 spans, 0ns
[info] *** Cumulative statistics at phase cleanup
[info] #created tree nodes  : 1146723
[info] #created tree nodes by type: ArrayBuffer()
[info] #retained nodes          : 351948
[info] #retained nodes by type  : ArrayBuffer(TypeTree: 70079, Select: 57318, Apply: 34861, Ident: 34751, ValDef: 28237, : 26599, This: 25134, DefDef: 19186, Block: 9680, Literal: 7186, New: 6610, Assign: 4634, Template: 4432, ClassDef: 4432, Super: 4009, TypeApply: 3934, Typed: 3175, If: 2639, Throw: 1887, ApplyToImplicitArgs: 1825, ApplyImplicitView: 912, PackageDef: 127, LabelDef: 108, CaseDef: 79, ArrayValue: 59, Match: 19, Try: 18, Bind: 14, Return: 4)
[info] #typechecked identifiers : 96074
[info] #typechecked selections  : 112661
[info] #typechecked applications: 62588
[info] #raw type creations      : 0
[info]   of which in failed     : 0
[info]   of which in implicits  : 0
[info] #unique types            : 708463
[info] #symbols                 : 806624
[info]   of which type symbols  : 0
[info]   of which class symbols : 0
[info] #base type seqs          : 0
[info] avg base type seq length : NaN
[info] #singleton base type seqs: 0
[info] #compound base type seqs : 0
[info] #typeref base type seqs  : 0
[info] #findMember ops          : 0
[info]   of which in failed     : 0
[info]   of which in implicits  : 0
[info] #notfound member         : 0
[info] #multiple member         : 0
[info] #asSeenFrom ops          : 0
[info] #subtype                 : 0
[info]   of which in failed     : 0
[info]   of which in implicits  : 0
[info]   of which in app impl   : 0
[info]   of which in improv     : 0
[info] #sametype                : 0
[info] ms type-flow-analysis: 0
[info] #ctr1                    : 0
[info] #ctr2                    : 0
[info] #ctr3                    : 0
[info] #ctr4                    : 0
[info] #counter1                : 0
[info] #counter2                : 0
[info] #timer1                  : 0 spans, 0ns
[info] #timer2                  : 0 spans, 0ns
[info] Compilation successful.
[info]   Post-analysis: 4442 classes.
[info] == scalaz-core / compile ==
[info] 
[info] == scalaz-scalacheck-binding / compile ==
[info]   Source analysis: 3 new/modified, 0 indirectly invalidated, 0 removed.
[info] Compiling main sources...
[info] *** Cumulative statistics at phase parser
[info] #created tree nodes  : 4442
[info] #created tree nodes by type: ArrayBuffer()
[info] *** Cumulative statistics at phase typer
[info] #created tree nodes  : 16936
[info] #created tree nodes by type: ArrayBuffer()
[info] #retained nodes          : 5144
[info] #retained nodes by type  : ArrayBuffer(Select: 1144, TypeTree: 1036, Ident: 491, This: 393, TypeApply: 391, Apply: 285, ValDef: 271, : 264, ApplyToImplicitArgs: 211, ApplyImplicitView: 111, Function: 109, DefDef: 98, TypeDef: 95, Block: 78, Literal: 44, Template: 20, Super: 19, Import: 17, Typed: 15, New: 11, ClassDef: 10, ModuleDef: 10, CaseDef: 6, PackageDef: 6, Match: 3, Bind: 3, Try: 2, Return: 1)
[info] #typechecked identifiers : 97895
[info] #typechecked selections  : 114422
[info] #typechecked applications: 63512
[info] #raw type creations      : 0
[info]   of which in failed     : 0
[info]   of which in implicits  : 0
[info] #unique types            : 87894
[info] #symbols                 : 117530
[info]   of which type symbols  : 0
[info]   of which class symbols : 0
[info] #base type seqs          : 0
[info] avg base type seq length : NaN
[info] #singleton base type seqs: 0
[info] #compound base type seqs : 0
[info] #typeref base type seqs  : 0
[info] #findMember ops          : 0
[info]   of which in failed     : 0
[info]   of which in implicits  : 0
[info] #notfound member         : 0
[info] #multiple member         : 0
[info] #asSeenFrom ops          : 0
[info] #subtype                 : 0
[info]   of which in failed     : 0
[info]   of which in implicits  : 0
[info]   of which in app impl   : 0
[info]   of which in improv     : 0
[info] #sametype                : 0
[info] ms type-flow-analysis: 0
[info] time spent typechecking  : 2 spans, 43932927000ns (100.0%)
[info] time classfilereading    : 1012 spans, 1857044000ns (4.2%)
[info] time spent in implicits  : 5584 spans, 30203057000ns (68.7%)
[info]     successful in scope  : 4239 spans, 19773818000ns (45.0%)
[info]         failed in scope  : 4136 spans, 11780536000ns (26.8%)
[info]      successful of type  : 1689 spans, 5968951000ns (13.6%)
[info]          failed of type  : 2344 spans, 2887760000ns (6.6%)
[info]        assembling parts  : 1689 spans, 424041000ns (1.0%)
[info]               matchesPT  : 368972 spans, 6144603000ns (14.0%)
[info] implicit cache hits      : 997 (37.1%)
[info] time spent in failed     : 34263 spans, 83538000ns (0.2%)
[info]        failed apply      : 33389 spans, 0ns (0.0%)
[info]        failed op=        : 31761 spans, 52648000ns (0.1%)
[info] micros by tree node      : ArrayBuffer(Select: 19179882, Apply: 14186116, Ident: 4232907, TypeApply: 3513438, DefDef: 2895143, ClassDef: 2067077, Block: 1408170, AppliedTypeTree: 1248904, SelectFromTypeTree: 420030, If: 355953, ApplyToImplicitArgs: 326998, Function: 319374, This: 264032, ValDef: 238032, Match: 235761, ModuleDef: 227325, TypeTree: 198770, Literal: 198074, New: 193948, Typed: 178810, TypeBoundsTree: 159577, ApplyImplicitView: 139604, PackageDef: 116380, Super: 93430, CompoundTypeTree: 74770, TypeDef: 48983, Assign: 40668, Throw: 40492, LabelDef: 23920, Annotated: 20822, Bind: 17459, Try: 8293, ExistentialTypeTree: 7405, ArrayValue: 4597, AssignOrNamedArg: 2433, : 2082, SelectFromArray: 1693, SingletonTypeTree: 602, Return: 370)
[info] #visits by tree node     : ArrayBuffer(Select: 156764, Ident: 119314, TypeTree: 116175, Apply: 64742, This: 49388, DefDef: 37045, Block: 32435, Literal: 22816, AppliedTypeTree: 20079, ValDef: 16911, TypeBoundsTree: 12860, New: 11661, TypeApply: 9204, ClassDef: 8532, Super: 8112, Typed: 6710, Assign: 6184, ApplyToImplicitArgs: 5560, If: 5018, Function: 3912, ApplyImplicitView: 3744, Throw: 2469, LabelDef: 1559, : 1376, SelectFromTypeTree: 1222, CompoundTypeTree: 1126, Bind: 1083, Match: 696, TypeDef: 694, PackageDef: 260, AssignOrNamedArg: 194, ModuleDef: 187, ArrayValue: 118, Try: 54, Annotated: 48, ExistentialTypeTree: 41, SingletonTypeTree: 26, Return: 9, SelectFromArray: 8)
[info] avg micros by tree node  : ArrayBuffer(ModuleDef: 1215, PackageDef: 447, Annotated: 433, TypeApply: 381, SelectFromTypeTree: 343, Match: 338, ClassDef: 242, Apply: 219, SelectFromArray: 211, ExistentialTypeTree: 180, Try: 153, Select: 122, Function: 81, DefDef: 78, If: 70, TypeDef: 70, CompoundTypeTree: 66, AppliedTypeTree: 62, ApplyToImplicitArgs: 58, Block: 43, Return: 41, ArrayValue: 38, ApplyImplicitView: 37, Ident: 35, Typed: 26, SingletonTypeTree: 23, New: 16, Throw: 16, Bind: 16, LabelDef: 15, ValDef: 14, AssignOrNamedArg: 12, TypeBoundsTree: 12, Super: 11, Literal: 8, Assign: 6, This: 5, : 1, TypeTree: 1)
[info] time spent in <:<        : 0 spans, 0ns (0.0%)
[info] time spent in findmember : 0 spans, 0ns (0.0%)
[info] time spent in asSeenFrom : 0 spans, 0ns (0.0%)
[info] #implicit searches       : 5584
[info] #tried, plausible, matching, typed, found implicits: 0, 5442, 5442, 4715, 3619
[info] #implicit improves tests : 1533
[info] #implicit improves cached: 311
[info] #implicit inscope hits   : 2895
[info] #implicit oftype hits    : 690
[info] #ctr1                    : 0
[info] #ctr2                    : 0
[info] #ctr3                    : 0
[info] #ctr4                    : 0
[info] #counter1                : 0
[info] #counter2                : 0
[info] #timer1                  : 0 spans, 0ns
[info] #timer2                  : 0 spans, 0ns
[info] *** Cumulative statistics at phase erasure
[info] #created tree nodes  : 37396
[info] #created tree nodes by type: ArrayBuffer()
[info] #retained nodes          : 10681
[info] #retained nodes by type  : ArrayBuffer(TypeTree: 2223, Select: 1866, Apply: 989, This: 911, DefDef: 702, Ident: 645, ValDef: 608, : 593, Block: 457, Literal: 230, ApplyToImplicitArgs: 211, Template: 206, ClassDef: 206, Super: 205, New: 200, Typed: 200, ApplyImplicitView: 111, TypeApply: 98, PackageDef: 6, ArrayValue: 4, CaseDef: 3, Try: 2, If: 2, Match: 1, Return: 1, Throw: 1)
[info] #typechecked identifiers : 98507
[info] #typechecked selections  : 116248
[info] #typechecked applications: 65169
[info] #raw type creations      : 0
[info]   of which in failed     : 0
[info]   of which in implicits  : 0
[info] #unique types            : 97146
[info] #symbols                 : 139449
[info]   of which type symbols  : 0
[info]   of which class symbols : 0
[info] #base type seqs          : 0
[info] avg base type seq length : NaN
[info] #singleton base type seqs: 0
[info] #compound base type seqs : 0
[info] #typeref base type seqs  : 0
[info] #findMember ops          : 0
[info]   of which in failed     : 0
[info]   of which in implicits  : 0
[info] #notfound member         : 0
[info] #multiple member         : 0
[info] #asSeenFrom ops          : 0
[info] #subtype                 : 0
[info]   of which in failed     : 0
[info]   of which in implicits  : 0
[info]   of which in app impl   : 0
[info]   of which in improv     : 0
[info] #sametype                : 0
[info] ms type-flow-analysis: 0
[info] #ctr1                    : 0
[info] #ctr2                    : 0
[info] #ctr3                    : 0
[info] #ctr4                    : 0
[info] #counter1                : 0
[info] #counter2                : 0
[info] #timer1                  : 0 spans, 0ns
[info] #timer2                  : 0 spans, 0ns
[info] *** Cumulative statistics at phase cleanup
[info] #created tree nodes  : 43374
[info] #created tree nodes by type: ArrayBuffer()
[info] #retained nodes          : 12397
[info] #retained nodes by type  : ArrayBuffer(TypeTree: 2362, Select: 2299, This: 1118, Apply: 1088, Ident: 854, ValDef: 790, : 781, DefDef: 614, Block: 451, Literal: 277, New: 247, ApplyToImplicitArgs: 211, Template: 206, ClassDef: 206, Super: 205, Typed: 200, Assign: 167, ApplyImplicitView: 111, TypeApply: 96, If: 49, Throw: 48, PackageDef: 6, ArrayValue: 4, CaseDef: 3, Try: 2, Match: 1, Return: 1)
[info] #typechecked identifiers : 98722
[info] #typechecked selections  : 116576
[info] #typechecked applications: 65272
[info] #raw type creations      : 0
[info]   of which in failed     : 0
[info]   of which in implicits  : 0
[info] #unique types            : 98063
[info] #symbols                 : 141926
[info]   of which type symbols  : 0
[info]   of which class symbols : 0
[info] #base type seqs          : 0
[info] avg base type seq length : NaN
[info] #singleton base type seqs: 0
[info] #compound base type seqs : 0
[info] #typeref base type seqs  : 0
[info] #findMember ops          : 0
[info]   of which in failed     : 0
[info]   of which in implicits  : 0
[info] #notfound member         : 0
[info] #multiple member         : 0
[info] #asSeenFrom ops          : 0
[info] #subtype                 : 0
[info]   of which in failed     : 0
[info]   of which in implicits  : 0
[info]   of which in app impl   : 0
[info]   of which in improv     : 0
[info] #sametype                : 0
[info] ms type-flow-analysis: 0
[info] #ctr1                    : 0
[info] #ctr2                    : 0
[info] #ctr3                    : 0
[info] #ctr4                    : 0
[info] #counter1                : 0
[info] #counter2                : 0
[info] #timer1                  : 0 spans, 0ns
[info] #timer2                  : 0 spans, 0ns
[info] Compilation successful.
[info]   Post-analysis: 210 classes.
[info] == scalaz-scalacheck-binding / compile ==
[info] 
[info] == scalaz-geo / compile ==
[info]   Source analysis: 15 new/modified, 0 indirectly invalidated, 0 removed.
[info] Compiling main sources...
[info] *** Cumulative statistics at phase parser
[info] #created tree nodes  : 4116
[info] #created tree nodes by type: ArrayBuffer()
[info] *** Cumulative statistics at phase typer
[info] #created tree nodes  : 10594
[info] #created tree nodes by type: ArrayBuffer()
[info] #retained nodes          : 5100
[info] #retained nodes by type  : ArrayBuffer(Select: 1035, TypeTree: 951, Ident: 668, Apply: 482, ValDef: 293, This: 288, DefDef: 241, Literal: 224, : 201, TypeApply: 129, Block: 81, ApplyToImplicitArgs: 74, Template: 64, Function: 56, ClassDef: 46, ApplyImplicitView: 38, Super: 35, PackageDef: 30, Typed: 26, New: 24, Import: 23, CaseDef: 22, ModuleDef: 18, Bind: 17, Match: 11, If: 11, TypeDef: 7, Throw: 5)
[info] #typechecked identifiers : 99997
[info] #typechecked selections  : 117549
[info] #typechecked applications: 65911
[info] #raw type creations      : 0
[info]   of which in failed     : 0
[info]   of which in implicits  : 0
[info] #unique types            : 17679
[info] #symbols                 : 60974
[info]   of which type symbols  : 0
[info]   of which class symbols : 0
[info] #base type seqs          : 0
[info] avg base type seq length : NaN
[info] #singleton base type seqs: 0
[info] #compound base type seqs : 0
[info] #typeref base type seqs  : 0
[info] #findMember ops          : 0
[info]   of which in failed     : 0
[info]   of which in implicits  : 0
[info] #notfound member         : 0
[info] #multiple member         : 0
[info] #asSeenFrom ops          : 0
[info] #subtype                 : 0
[info]   of which in failed     : 0
[info]   of which in implicits  : 0
[info]   of which in app impl   : 0
[info]   of which in improv     : 0
[info] #sametype                : 0
[info] ms type-flow-analysis: 0
[info] time spent typechecking  : 3 spans, 46086033000ns (100.0%)
[info] time classfilereading    : 1460 spans, 2249670000ns (4.9%)
[info] time spent in implicits  : 5758 spans, 31362733000ns (68.1%)
[info]     successful in scope  : 4345 spans, 19917971000ns (43.2%)
[info]         failed in scope  : 4291 spans, 12082808000ns (26.2%)
[info]      successful of type  : 1809 spans, 6688118000ns (14.5%)
[info]          failed of type  : 2428 spans, 2891840000ns (6.3%)
[info]        assembling parts  : 1757 spans, 434521000ns (0.9%)
[info]               matchesPT  : 381541 spans, 6316168000ns (13.7%)
[info] implicit cache hits      : 1065 (37.7%)
[info] time spent in failed     : 35657 spans, 83538000ns (0.2%)
[info]        failed apply      : 34760 spans, 0ns (0.0%)
[info]        failed op=        : 32960 spans, 52648000ns (0.1%)
[info] micros by tree node      : ArrayBuffer(Select: 20112215, Apply: 15026098, Ident: 4313157, TypeApply: 3522066, DefDef: 2957626, ClassDef: 2144261, Block: 1429236, AppliedTypeTree: 1295229, If: 447100, PackageDef: 437832, SelectFromTypeTree: 420030, ApplyToImplicitArgs: 336330, Function: 332213, This: 270144, ValDef: 242702, Match: 237583, ModuleDef: 236196, Literal: 207781, TypeTree: 203909, New: 200310, Typed: 182027, TypeBoundsTree: 160914, ApplyImplicitView: 142606, Super: 97564, CompoundTypeTree: 74770, TypeDef: 48983, Assign: 42135, Throw: 41485, LabelDef: 24021, Annotated: 21103, Bind: 17785, Try: 9471, ExistentialTypeTree: 7405, ArrayValue: 4951, AssignOrNamedArg: 2433, : 2117, SelectFromArray: 1693, SingletonTypeTree: 602, Return: 492)
[info] #visits by tree node     : ArrayBuffer(Select: 161290, Ident: 121924, TypeTree: 120720, Apply: 66956, This: 51570, DefDef: 38496, Block: 33880, Literal: 24050, AppliedTypeTree: 20222, ValDef: 17284, TypeBoundsTree: 12874, New: 12125, TypeApply: 9373, ClassDef: 8970, Super: 8539, Typed: 7124, Assign: 6398, ApplyToImplicitArgs: 5942, If: 5084, Function: 4105, ApplyImplicitView: 4038, Throw: 2523, LabelDef: 1566, : 1399, SelectFromTypeTree: 1222, CompoundTypeTree: 1126, Bind: 1100, Match: 711, TypeDef: 694, PackageDef: 296, ModuleDef: 205, AssignOrNamedArg: 194, ArrayValue: 126, Try: 57, Annotated: 52, ExistentialTypeTree: 41, SingletonTypeTree: 26, Return: 11, SelectFromArray: 8)
[info] avg micros by tree node  : ArrayBuffer(PackageDef: 1479, ModuleDef: 1152, Annotated: 405, TypeApply: 375, SelectFromTypeTree: 343, Match: 334, ClassDef: 239, Apply: 224, SelectFromArray: 211, ExistentialTypeTree: 180, Try: 166, Select: 124, If: 87, Function: 80, DefDef: 76, TypeDef: 70, CompoundTypeTree: 66, AppliedTypeTree: 64, ApplyToImplicitArgs: 56, Return: 44, Block: 42, ArrayValue: 39, ApplyImplicitView: 35, Ident: 35, Typed: 25, SingletonTypeTree: 23, New: 16, Throw: 16, Bind: 16, LabelDef: 15, ValDef: 14, AssignOrNamedArg: 12, TypeBoundsTree: 12, Super: 11, Literal: 8, Assign: 6, This: 5, : 1, TypeTree: 1)
[info] time spent in <:<        : 0 spans, 0ns (0.0%)
[info] time spent in findmember : 0 spans, 0ns (0.0%)
[info] time spent in asSeenFrom : 0 spans, 0ns (0.0%)
[info] #implicit searches       : 5758
[info] #tried, plausible, matching, typed, found implicits: 0, 5684, 5684, 4957, 3761
[info] #implicit improves tests : 1624
[info] #implicit improves cached: 354
[info] #implicit inscope hits   : 2933
[info] #implicit oftype hits    : 794
[info] #ctr1                    : 0
[info] #ctr2                    : 0
[info] #ctr3                    : 0
[info] #ctr4                    : 0
[info] #counter1                : 0
[info] #counter2                : 0
[info] #timer1                  : 0 spans, 0ns
[info] #timer2                  : 0 spans, 0ns
[info] *** Cumulative statistics at phase erasure
[info] #created tree nodes  : 25573
[info] #created tree nodes by type: ArrayBuffer()
[info] #retained nodes          : 8911
[info] #retained nodes by type  : ArrayBuffer(TypeTree: 1782, Select: 1554, Apply: 1173, Ident: 792, DefDef: 568, This: 549, ValDef: 529, : 461, Literal: 300, Block: 265, Template: 154, ClassDef: 154, New: 127, TypeApply: 111, Super: 105, Typed: 95, ApplyToImplicitArgs: 74, ApplyImplicitView: 38, PackageDef: 30, If: 19, CaseDef: 11, Throw: 9, Assign: 7, LabelDef: 2, Match: 2)
[info] #typechecked identifiers : 100741
[info] #typechecked selections  : 118965
[info] #typechecked applications: 67299
[info] #raw type creations      : 0
[info]   of which in failed     : 0
[info]   of which in implicits  : 0
[info] #unique types            : 22206
[info] #symbols                 : 79742
[info]   of which type symbols  : 0
[info]   of which class symbols : 0
[info] #base type seqs          : 0
[info] avg base type seq length : NaN
[info] #singleton base type seqs: 0
[info] #compound base type seqs : 0
[info] #typeref base type seqs  : 0
[info] #findMember ops          : 0
[info]   of which in failed     : 0
[info]   of which in implicits  : 0
[info] #notfound member         : 0
[info] #multiple member         : 0
[info] #asSeenFrom ops          : 0
[info] #subtype                 : 0
[info]   of which in failed     : 0
[info]   of which in implicits  : 0
[info]   of which in app impl   : 0
[info]   of which in improv     : 0
[info] #sametype                : 0
[info] ms type-flow-analysis: 0
[info] #ctr1                    : 0
[info] #ctr2                    : 0
[info] #ctr3                    : 0
[info] #ctr4                    : 0
[info] #counter1                : 0
[info] #counter2                : 0
[info] #timer1                  : 0 spans, 0ns
[info] #timer2                  : 0 spans, 0ns
[info] *** Cumulative statistics at phase cleanup
[info] #created tree nodes  : 32200
[info] #created tree nodes by type: ArrayBuffer()
[info] #retained nodes          : 11515
[info] #retained nodes by type  : ArrayBuffer(Select: 2330, TypeTree: 1939, Apply: 1356, Ident: 1155, This: 754, : 742, ValDef: 740, DefDef: 587, Literal: 469, Block: 339, Template: 154, ClassDef: 154, New: 140, Assign: 120, Super: 105, Typed: 95, TypeApply: 87, If: 75, ApplyToImplicitArgs: 74, ApplyImplicitView: 38, PackageDef: 30, Throw: 17, CaseDef: 11, LabelDef: 2, Match: 2)
[info] #typechecked identifiers : 100841
[info] #typechecked selections  : 119374
[info] #typechecked applications: 67534
[info] #raw type creations      : 0
[info]   of which in failed     : 0
[info]   of which in implicits  : 0
[info] #unique types            : 22657
[info] #symbols                 : 81613
[info]   of which type symbols  : 0
[info]   of which class symbols : 0
[info] #base type seqs          : 0
[info] avg base type seq length : NaN
[info] #singleton base type seqs: 0
[info] #compound base type seqs : 0
[info] #typeref base type seqs  : 0
[info] #findMember ops          : 0
[info]   of which in failed     : 0
[info]   of which in implicits  : 0
[info] #notfound member         : 0
[info] #multiple member         : 0
[info] #asSeenFrom ops          : 0
[info] #subtype                 : 0
[info]   of which in failed     : 0
[info]   of which in implicits  : 0
[info]   of which in app impl   : 0
[info]   of which in improv     : 0
[info] #sametype                : 0
[info] ms type-flow-analysis: 0
[info] #ctr1                    : 0
[info] #ctr2                    : 0
[info] #ctr3                    : 0
[info] #ctr4                    : 0
[info] #counter1                : 0
[info] #counter2                : 0
[info] #timer1                  : 0 spans, 0ns
[info] #timer2                  : 0 spans, 0ns
[info] Compilation successful.
[info]   Post-analysis: 155 classes.
[info] == scalaz-geo / compile ==
[info] 
[info] == scalaz-geo-scalacheck / compile ==
[info]   Source analysis: 1 new/modified, 0 indirectly invalidated, 0 removed.
[info] Compiling main sources...
[info] *** Cumulative statistics at phase parser
[info] #created tree nodes  : 359
[info] #created tree nodes by type: ArrayBuffer()
[info] *** Cumulative statistics at phase typer
[info] #created tree nodes  : 2130
[info] #created tree nodes by type: ArrayBuffer()
[info] #retained nodes          : 575
[info] #retained nodes by type  : ArrayBuffer(Select: 157, TypeTree: 99, This: 75, Ident: 41, TypeApply: 40, ApplyToImplicitArgs: 29, Apply: 29, ValDef: 22, : 21, DefDef: 14, Block: 12, Function: 11, ApplyImplicitView: 11, Import: 7, PackageDef: 2, Template: 1, ModuleDef: 1, Super: 1, TypeDef: 1, Literal: 1)
[info] #typechecked identifiers : 100994
[info] #typechecked selections  : 119512
[info] #typechecked applications: 67647
[info] #raw type creations      : 0
[info]   of which in failed     : 0
[info]   of which in implicits  : 0
[info] #unique types            : 15890
[info] #symbols                 : 55853
[info]   of which type symbols  : 0
[info]   of which class symbols : 0
[info] #base type seqs          : 0
[info] avg base type seq length : NaN
[info] #singleton base type seqs: 0
[info] #compound base type seqs : 0
[info] #typeref base type seqs  : 0
[info] #findMember ops          : 0
[info]   of which in failed     : 0
[info]   of which in implicits  : 0
[info] #notfound member         : 0
[info] #multiple member         : 0
[info] #asSeenFrom ops          : 0
[info] #subtype                 : 0
[info]   of which in failed     : 0
[info]   of which in implicits  : 0
[info]   of which in app impl   : 0
[info]   of which in improv     : 0
[info] #sametype                : 0
[info] ms type-flow-analysis: 0
[info] time spent typechecking  : 4 spans, 46990755000ns (100.0%)
[info] time classfilereading    : 1956 spans, 2627128000ns (5.6%)
[info] time spent in implicits  : 5810 spans, 32162182000ns (68.4%)
[info]     successful in scope  : 4394 spans, 20690056000ns (44.0%)
[info]         failed in scope  : 4320 spans, 12083916000ns (25.7%)
[info]      successful of type  : 1815 spans, 6718059000ns (14.3%)
[info]          failed of type  : 2431 spans, 2891840000ns (6.2%)
[info]        assembling parts  : 1758 spans, 437283000ns (0.9%)
[info]               matchesPT  : 384493 spans, 6465749000ns (13.8%)
[info] implicit cache hits      : 1070 (37.8%)
[info] time spent in failed     : 36540 spans, 83538000ns (0.2%)
[info]        failed apply      : 35634 spans, 0ns (0.0%)
[info]        failed op=        : 33828 spans, 52648000ns (0.1%)
[info] micros by tree node      : ArrayBuffer(Select: 20784935, Apply: 15142831, Ident: 4387489, TypeApply: 3748176, DefDef: 2982569, ClassDef: 2187799, Block: 1437514, AppliedTypeTree: 1301023, PackageDef: 455469, If: 452168, SelectFromTypeTree: 420030, ApplyToImplicitArgs: 343550, Function: 335616, This: 274408, ValDef: 245188, ModuleDef: 238989, Match: 238036, Literal: 212933, TypeTree: 207330, New: 204242, Typed: 187055, TypeBoundsTree: 160932, ApplyImplicitView: 143868, Super: 99271, CompoundTypeTree: 74770, TypeDef: 48983, Assign: 43277, Throw: 41744, LabelDef: 26522, Annotated: 21103, Bind: 17785, Try: 9471, ExistentialTypeTree: 7405, ArrayValue: 4951, AssignOrNamedArg: 2433, : 2203, SelectFromArray: 1693, SingletonTypeTree: 602, Return: 492)
[info] #visits by tree node     : ArrayBuffer(Select: 164211, TypeTree: 123520, Ident: 123406, Apply: 68880, This: 53008, DefDef: 39344, Block: 34701, Literal: 24875, AppliedTypeTree: 20262, ValDef: 17730, TypeBoundsTree: 12876, New: 12379, TypeApply: 9540, ClassDef: 9194, Super: 8717, Typed: 7322, Assign: 6540, ApplyToImplicitArgs: 6066, If: 5206, ApplyImplicitView: 4136, Function: 4130, Throw: 2549, LabelDef: 1592, : 1467, SelectFromTypeTree: 1222, CompoundTypeTree: 1126, Bind: 1100, Match: 719, TypeDef: 694, PackageDef: 328, ModuleDef: 206, AssignOrNamedArg: 194, ArrayValue: 126, Try: 57, Annotated: 52, ExistentialTypeTree: 41, SingletonTypeTree: 26, Return: 11, SelectFromArray: 8)
[info] avg micros by tree node  : ArrayBuffer(PackageDef: 1388, ModuleDef: 1160, Annotated: 405, TypeApply: 392, SelectFromTypeTree: 343, Match: 331, ClassDef: 237, Apply: 219, SelectFromArray: 211, ExistentialTypeTree: 180, Try: 166, Select: 126, If: 86, Function: 81, DefDef: 75, TypeDef: 70, CompoundTypeTree: 66, AppliedTypeTree: 64, ApplyToImplicitArgs: 56, Return: 44, Block: 41, ArrayValue: 39, Ident: 35, ApplyImplicitView: 34, Typed: 25, SingletonTypeTree: 23, LabelDef: 16, New: 16, Throw: 16, Bind: 16, ValDef: 13, AssignOrNamedArg: 12, TypeBoundsTree: 12, Super: 11, Literal: 8, Assign: 6, This: 5, : 1, TypeTree: 1)
[info] time spent in <:<        : 0 spans, 0ns (0.0%)
[info] time spent in findmember : 0 spans, 0ns (0.0%)
[info] time spent in asSeenFrom : 0 spans, 0ns (0.0%)
[info] #implicit searches       : 5810
[info] #tried, plausible, matching, typed, found implicits: 0, 5781, 5781, 5021, 3813
[info] #implicit improves tests : 1665
[info] #implicit improves cached: 357
[info] #implicit inscope hits   : 2979
[info] #implicit oftype hits    : 800
[info] #ctr1                    : 0
[info] #ctr2                    : 0
[info] #ctr3                    : 0
[info] #ctr4                    : 0
[info] #counter1                : 0
[info] #counter2                : 0
[info] #timer1                  : 0 spans, 0ns
[info] #timer2                  : 0 spans, 0ns
[info] *** Cumulative statistics at phase erasure
[info] #created tree nodes  : 3764
[info] #created tree nodes by type: ArrayBuffer()
[info] #retained nodes          : 947
[info] #retained nodes by type  : ArrayBuffer(Select: 207, TypeTree: 158, Apply: 122, This: 97, Ident: 64, DefDef: 47, ValDef: 42, : 41, Block: 34, ApplyToImplicitArgs: 29, TypeApply: 23, Template: 12, ClassDef: 12, Super: 12, Literal: 12, ApplyImplicitView: 11, New: 11, Typed: 11, PackageDef: 2)
[info] #typechecked identifiers : 101048
[info] #typechecked selections  : 119695
[info] #typechecked applications: 67821
[info] #raw type creations      : 0
[info]   of which in failed     : 0
[info]   of which in implicits  : 0
[info] #unique types            : 19697
[info] #symbols                 : 71057
[info]   of which type symbols  : 0
[info]   of which class symbols : 0
[info] #base type seqs          : 0
[info] avg base type seq length : NaN
[info] #singleton base type seqs: 0
[info] #compound base type seqs : 0
[info] #typeref base type seqs  : 0
[info] #findMember ops          : 0
[info]   of which in failed     : 0
[info]   of which in implicits  : 0
[info] #notfound member         : 0
[info] #multiple member         : 0
[info] #asSeenFrom ops          : 0
[info] #subtype                 : 0
[info]   of which in failed     : 0
[info]   of which in implicits  : 0
[info]   of which in app impl   : 0
[info]   of which in improv     : 0
[info] #sametype                : 0
[info] ms type-flow-analysis: 0
[info] #ctr1                    : 0
[info] #ctr2                    : 0
[info] #ctr3                    : 0
[info] #ctr4                    : 0
[info] #counter1                : 0
[info] #counter2                : 0
[info] #timer1                  : 0 spans, 0ns
[info] #timer2                  : 0 spans, 0ns
[info] *** Cumulative statistics at phase cleanup
[info] #created tree nodes  : 4062
[info] #created tree nodes by type: ArrayBuffer()
[info] #retained nodes          : 971
[info] #retained nodes by type  : ArrayBuffer(Select: 228, TypeTree: 158, Apply: 122, This: 98, Ident: 64, DefDef: 47, : 42, ValDef: 42, Block: 34, ApplyToImplicitArgs: 29, TypeApply: 23, Template: 12, ClassDef: 12, Super: 12, Literal: 12, ApplyImplicitView: 11, New: 11, Typed: 11, PackageDef: 2, Assign: 1)
[info] #typechecked identifiers : 101048
[info] #typechecked selections  : 119696
[info] #typechecked applications: 67821
[info] #raw type creations      : 0
[info]   of which in failed     : 0
[info]   of which in implicits  : 0
[info] #unique types            : 20682
[info] #symbols                 : 73817
[info]   of which type symbols  : 0
[info]   of which class symbols : 0
[info] #base type seqs          : 0
[info] avg base type seq length : NaN
[info] #singleton base type seqs: 0
[info] #compound base type seqs : 0
[info] #typeref base type seqs  : 0
[info] #findMember ops          : 0
[info]   of which in failed     : 0
[info]   of which in implicits  : 0
[info] #notfound member         : 0
[info] #multiple member         : 0
[info] #asSeenFrom ops          : 0
[info] #subtype                 : 0
[info]   of which in failed     : 0
[info]   of which in implicits  : 0
[info]   of which in app impl   : 0
[info]   of which in improv     : 0
[info] #sametype                : 0
[info] ms type-flow-analysis: 0
[info] #ctr1                    : 0
[info] #ctr2                    : 0
[info] #ctr3                    : 0
[info] #ctr4                    : 0
[info] #counter1                : 0
[info] #counter2                : 0
[info] #timer1                  : 0 spans, 0ns
[info] #timer2                  : 0 spans, 0ns
[info] Compilation successful.
[info]   Post-analysis: 13 classes.
[info] == scalaz-geo-scalacheck / compile ==
[info] 
[info] == scalaz-http / compile ==
[info]   Source analysis: 30 new/modified, 0 indirectly invalidated, 0 removed.
[info] Compiling main sources...
[info] *** Cumulative statistics at phase parser
[info] #created tree nodes  : 16732
[info] #created tree nodes by type: ArrayBuffer()
[info] *** Cumulative statistics at phase typer
[info] #created tree nodes  : 49820
[info] #created tree nodes by type: ArrayBuffer()
[info] #retained nodes          : 22826
[info] #retained nodes by type  : ArrayBuffer(TypeTree: 4838, Select: 3949, Ident: 2233, Apply: 1711, DefDef: 1415, This: 1357, Literal: 1293, : 1097, ValDef: 1085, TypeApply: 1063, Block: 339, ApplyImplicitView: 330, CaseDef: 257, Template: 225, New: 221, TypeDef: 191, Super: 186, Match: 150, ModuleDef: 149, ApplyToImplicitArgs: 139, Function: 119, Throw: 107, Import: 95, PackageDef: 83, ClassDef: 76, Bind: 51, Typed: 39, If: 21, Assign: 6, UnApply: 1)
[info] #typechecked identifiers : 106795
[info] #typechecked selections  : 125136
[info] #typechecked applications: 70453
[info] #raw type creations      : 0
[info]   of which in failed     : 0
[info]   of which in implicits  : 0
[info] #unique types            : 113351
[info] #symbols                 : 154213
[info]   of which type symbols  : 0
[info]   of which class symbols : 0
[info] #base type seqs          : 0
[info] avg base type seq length : NaN
[info] #singleton base type seqs: 0
[info] #compound base type seqs : 0
[info] #typeref base type seqs  : 0
[info] #findMember ops          : 0
[info]   of which in failed     : 0
[info]   of which in implicits  : 0
[info] #notfound member         : 0
[info] #multiple member         : 0
[info] #asSeenFrom ops          : 0
[info] #subtype                 : 0
[info]   of which in failed     : 0
[info]   of which in implicits  : 0
[info]   of which in app impl   : 0
[info]   of which in improv     : 0
[info] #sametype                : 0
[info] ms type-flow-analysis: 0
[info] time spent typechecking  : 5 spans, 51847155000ns (100.0%)
[info] time classfilereading    : 2611 spans, 3028748000ns (5.8%)
[info] time spent in implicits  : 6542 spans, 35468007000ns (68.4%)
[info]     successful in scope  : 4953 spans, 22601496000ns (43.6%)
[info]         failed in scope  : 4859 spans, 12734157000ns (24.6%)
[info]      successful of type  : 2070 spans, 7705213000ns (14.9%)
[info]          failed of type  : 2695 spans, 3088109000ns (6.0%)
[info]        assembling parts  : 1860 spans, 570729000ns (1.1%)
[info]               matchesPT  : 461676 spans, 7393135000ns (14.3%)
[info] implicit cache hits      : 1314 (41.4%)
[info] time spent in failed     : 38351 spans, 83538000ns (0.2%)
[info]        failed apply      : 37423 spans, 0ns (0.0%)
[info]        failed op=        : 35231 spans, 52648000ns (0.1%)
[info] micros by tree node      : ArrayBuffer(Select: 22879068, Apply: 16845212, Ident: 4653224, TypeApply: 3763479, DefDef: 3058985, ClassDef: 2222540, Block: 1457060, AppliedTypeTree: 1360172, PackageDef: 950771, If: 458914, SelectFromTypeTree: 420030, ApplyToImplicitArgs: 349554, Function: 348094, ModuleDef: 314868, This: 278480, Match: 260320, ValDef: 249396, Literal: 227408, TypeTree: 210356, New: 206152, Typed: 192417, TypeBoundsTree: 163145, ApplyImplicitView: 151944, Super: 101497, CompoundTypeTree: 74992, TypeDef: 49064, Assign: 43404, Throw: 42237, LabelDef: 26522, Annotated: 21103, Bind: 18305, Try: 9471, ExistentialTypeTree: 7405, ArrayValue: 4951, AssignOrNamedArg: 2433, : 2272, SelectFromArray: 1693, SingletonTypeTree: 602, Return: 492)
[info] #visits by tree node     : ArrayBuffer(Select: 172054, Ident: 130560, TypeTree: 126594, Apply: 71157, This: 53706, DefDef: 41027, Block: 35556, Literal: 27316, AppliedTypeTree: 21430, ValDef: 18011, TypeBoundsTree: 13258, New: 12622, TypeApply: 10120, ClassDef: 9293, Super: 8926, Typed: 7395, Assign: 6548, ApplyToImplicitArgs: 6295, If: 5229, ApplyImplicitView: 4781, Function: 4313, Throw: 2656, LabelDef: 1592, : 1506, SelectFromTypeTree: 1222, Bind: 1151, CompoundTypeTree: 1133, Match: 883, TypeDef: 695, PackageDef: 413, ModuleDef: 355, AssignOrNamedArg: 194, ArrayValue: 126, Try: 57, Annotated: 52, ExistentialTypeTree: 41, SingletonTypeTree: 26, Return: 11, SelectFromArray: 8)
[info] avg micros by tree node  : ArrayBuffer(PackageDef: 2302, ModuleDef: 886, Annotated: 405, TypeApply: 371, SelectFromTypeTree: 343, Match: 294, ClassDef: 239, Apply: 236, SelectFromArray: 211, ExistentialTypeTree: 180, Try: 166, Select: 132, If: 87, Function: 80, DefDef: 74, TypeDef: 70, CompoundTypeTree: 66, AppliedTypeTree: 63, ApplyToImplicitArgs: 55, Return: 44, Block: 40, ArrayValue: 39, Ident: 35, ApplyImplicitView: 31, Typed: 26, SingletonTypeTree: 23, LabelDef: 16, New: 16, Throw: 15, Bind: 15, ValDef: 13, AssignOrNamedArg: 12, TypeBoundsTree: 12, Super: 11, Literal: 8, Assign: 6, This: 5, : 1, TypeTree: 1)
[info] time spent in <:<        : 0 spans, 0ns (0.0%)
[info] time spent in findmember : 0 spans, 0ns (0.0%)
[info] time spent in asSeenFrom : 0 spans, 0ns (0.0%)
[info] #implicit searches       : 6542
[info] #tried, plausible, matching, typed, found implicits: 0, 6468, 6468, 5630, 4364
[info] #implicit improves tests : 1865
[info] #implicit improves cached: 424
[info] #implicit inscope hits   : 3365
[info] #implicit oftype hits    : 963
[info] #ctr1                    : 0
[info] #ctr2                    : 0
[info] #ctr3                    : 0
[info] #ctr4                    : 0
[info] #counter1                : 0
[info] #counter2                : 0
[info] #timer1                  : 0 spans, 0ns
[info] #timer2                  : 0 spans, 0ns
[warn] /Users/jason/code/scalaz/http/src/main/scala/scalaz/http/Version.scala:51: match is not exhaustive!
[warn] missing combination            Nil
[warn]       List(major, minor) ↦ ((c: Char) => isDigit(c).option(c.toLong - 48L)) map {case List(maj, min) => Version.version(maj, min)}
[warn]                                                                                 ^
[info] *** Cumulative statistics at phase erasure
[info] #created tree nodes  : 100431
[info] #created tree nodes by type: ArrayBuffer()
[info] #retained nodes          : 31949
[info] #retained nodes by type  : ArrayBuffer(TypeTree: 6720, Select: 5445, Apply: 3741, DefDef: 2256, This: 2208, Ident: 2115, ValDef: 1852, : 1672, Literal: 1450, Block: 1055, TypeApply: 656, New: 574, Template: 409, ClassDef: 409, Super: 338, ApplyImplicitView: 330, Typed: 171, ApplyToImplicitArgs: 138, Throw: 126, If: 104, PackageDef: 83, CaseDef: 45, ArrayValue: 21, ApplyDynamic: 13, LabelDef: 8, Assign: 8, Match: 2)
[info] #typechecked identifiers : 108959
[info] #typechecked selections  : 130143
[info] #typechecked applications: 75069
[info] #raw type creations      : 0
[info]   of which in failed     : 0
[info]   of which in implicits  : 0
[info] #unique types            : 123837
[info] #symbols                 : 186319
[info]   of which type symbols  : 0
[info]   of which class symbols : 0
[info] #base type seqs          : 0
[info] avg base type seq length : NaN
[info] #singleton base type seqs: 0
[info] #compound base type seqs : 0
[info] #typeref base type seqs  : 0
[info] #findMember ops          : 0
[info]   of which in failed     : 0
[info]   of which in implicits  : 0
[info] #notfound member         : 0
[info] #multiple member         : 0
[info] #asSeenFrom ops          : 0
[info] #subtype                 : 0
[info]   of which in failed     : 0
[info]   of which in implicits  : 0
[info]   of which in app impl   : 0
[info]   of which in improv     : 0
[info] #sametype                : 0
[info] ms type-flow-analysis: 0
[info] #ctr1                    : 0
[info] #ctr2                    : 0
[info] #ctr3                    : 0
[info] #ctr4                    : 0
[info] #counter1                : 0
[info] #counter2                : 0
[info] #timer1                  : 0 spans, 0ns
[info] #timer2                  : 0 spans, 0ns
[info] *** Cumulative statistics at phase cleanup
[info] #created tree nodes  : 132981
[info] #created tree nodes by type: ArrayBuffer()
[info] #retained nodes          : 52571
[info] #retained nodes by type  : ArrayBuffer(Select: 11612, TypeTree: 8544, Apply: 5465, Ident: 4511, This: 4120, : 3258, ValDef: 3064, DefDef: 2987, Literal: 2676, Block: 1687, Assign: 777, New: 707, If: 462, TypeApply: 449, Template: 409, ClassDef: 409, Super: 338, ApplyImplicitView: 330, Typed: 184, Throw: 181, ApplyToImplicitArgs: 138, PackageDef: 83, ArrayValue: 60, CaseDef: 58, Return: 26, Try: 13, Bind: 13, LabelDef: 8, Match: 2)
[info] #typechecked identifiers : 109719
[info] #typechecked selections  : 133243
[info] #typechecked applications: 77004
[info] #raw type creations      : 0
[info]   of which in failed     : 0
[info]   of which in implicits  : 0
[info] #unique types            : 125140
[info] #symbols                 : 195263
[info]   of which type symbols  : 0
[info]   of which class symbols : 0
[info] #base type seqs          : 0
[info] avg base type seq length : NaN
[info] #singleton base type seqs: 0
[info] #compound base type seqs : 0
[info] #typeref base type seqs  : 0
[info] #findMember ops          : 0
[info]   of which in failed     : 0
[info]   of which in implicits  : 0
[info] #notfound member         : 0
[info] #multiple member         : 0
[info] #asSeenFrom ops          : 0
[info] #subtype                 : 0
[info]   of which in failed     : 0
[info]   of which in implicits  : 0
[info]   of which in app impl   : 0
[info]   of which in improv     : 0
[info] #sametype                : 0
[info] ms type-flow-analysis: 0
[info] #ctr1                    : 0
[info] #ctr2                    : 0
[info] #ctr3                    : 0
[info] #ctr4                    : 0
[info] #counter1                : 0
[info] #counter2                : 0
[info] #timer1                  : 0 spans, 0ns
[info] #timer2                  : 0 spans, 0ns
[warn] one warning found
[info] Compilation successful.
[info]   Post-analysis: 511 classes.
[info] == scalaz-http / compile ==
[info] 
[info] == scalaz-example / compile ==
[info]   Source analysis: 38 new/modified, 0 indirectly invalidated, 0 removed.
[info] Compiling main sources...
[info] *** Cumulative statistics at phase parser
[info] #created tree nodes  : 12552
[info] #created tree nodes by type: ArrayBuffer()
[info] *** Cumulative statistics at phase typer
[info] #created tree nodes  : 92919
[info] #created tree nodes by type: ArrayBuffer()
[info] #retained nodes          : 35315
[info] #retained nodes by type  : ArrayBuffer(Select: 10156, TypeTree: 5795, This: 4009, TypeApply: 3711, Literal: 3134, ApplyToImplicitArgs: 1812, Apply: 1803, Ident: 1677, ApplyImplicitView: 684, ValDef: 584, : 469, DefDef: 386, Function: 188, Block: 187, Import: 105, Template: 78, CaseDef: 75, Super: 75, New: 66, ModuleDef: 51, Bind: 44, PackageDef: 42, Match: 37, Typed: 32, If: 31, TypeDef: 31, ClassDef: 27, Throw: 12, Assign: 8, UnApply: 4, AppliedTypeTree: 2)
[info] #typechecked identifiers : 112961
[info] #typechecked selections  : 146554
[info] #typechecked applications: 83146
[info] #raw type creations      : 0
[info]   of which in failed     : 0
[info]   of which in implicits  : 0
[info] #unique types            : 811367
[info] #symbols                 : 620655
[info]   of which type symbols  : 0
[info]   of which class symbols : 0
[info] #base type seqs          : 0
[info] avg base type seq length : NaN
[info] #singleton base type seqs: 0
[info] #compound base type seqs : 0
[info] #typeref base type seqs  : 0
[info] #findMember ops          : 0
[info]   of which in failed     : 0
[info]   of which in implicits  : 0
[info] #notfound member         : 0
[info] #multiple member         : 0
[info] #asSeenFrom ops          : 0
[info] #subtype                 : 0
[info]   of which in failed     : 0
[info]   of which in implicits  : 0
[info]   of which in app impl   : 0
[info]   of which in improv     : 0
[info] #sametype                : 0
[info] ms type-flow-analysis: 0
[info] time spent typechecking  : 6 spans, 82018703000ns (100.0%)
[info] time classfilereading    : 3333 spans, 3534243000ns (4.3%)
[info] time spent in implicits  : 12218 spans, 64310136000ns (78.4%)
[info]     successful in scope  : 8306 spans, 29858217000ns (36.4%)
[info]         failed in scope  : 10020 spans, 18497319000ns (22.6%)
[info]      successful of type  : 6116 spans, 28265915000ns (34.5%)
[info]          failed of type  : 5618 spans, 4931837000ns (6.0%)
[info]        assembling parts  : 2437 spans, 676026000ns (0.8%)
[info]               matchesPT  : 777695 spans, 10647670000ns (13.0%)
[info] implicit cache hits      : 5380 (68.8%)
[info] time spent in failed     : 45154 spans, 100157000ns (0.1%)
[info]        failed apply      : 44161 spans, 0ns (0.0%)
[info]        failed op=        : 41584 spans, 68198000ns (0.1%)
[info] micros by tree node      : ArrayBuffer(Apply: 37647264, Select: 31813527, Ident: 5012838, TypeApply: 4049265, DefDef: 3175960, ClassDef: 2320722, Block: 1499274, AppliedTypeTree: 1390118, PackageDef: 957660, If: 563956, ApplyToImplicitArgs: 480355, SelectFromTypeTree: 424461, Function: 373105, ModuleDef: 334137, This: 300946, Literal: 297872, ValDef: 272006, Match: 267415, TypeTree: 223582, New: 222106, Typed: 201211, ApplyImplicitView: 183413, TypeBoundsTree: 165680, Super: 107275, CompoundTypeTree: 75622, Assign: 51122, TypeDef: 49565, Throw: 45333, LabelDef: 29476, Annotated: 21103, Bind: 19316, Try: 10827, ArrayValue: 7466, ExistentialTypeTree: 7405, AssignOrNamedArg: 2660, : 2513, ApplyDynamic: 1901, SelectFromArray: 1693, Return: 902, SingletonTypeTree: 627)
[info] #visits by tree node     : ArrayBuffer(Select: 201596, Ident: 140033, TypeTree: 138518, Apply: 81694, This: 61221, DefDef: 45046, Block: 39571, Literal: 37207, AppliedTypeTree: 21814, ValDef: 20118, TypeApply: 14481, New: 13718, TypeBoundsTree: 13336, ApplyToImplicitArgs: 10687, ClassDef: 9881, Super: 9493, Typed: 7783, Assign: 7410, ApplyImplicitView: 6768, If: 6099, Function: 4655, Throw: 2986, LabelDef: 1893, : 1742, SelectFromTypeTree: 1232, Bind: 1221, CompoundTypeTree: 1143, Match: 949, TypeDef: 703, PackageDef: 538, ModuleDef: 406, ArrayValue: 207, AssignOrNamedArg: 205, Try: 84, Annotated: 52, ExistentialTypeTree: 41, Return: 37, SingletonTypeTree: 29, ApplyDynamic: 13, SelectFromArray: 8)
[info] avg micros by tree node  : ArrayBuffer(PackageDef: 1780, ModuleDef: 822, Apply: 460, Annotated: 405, SelectFromTypeTree: 344, Match: 281, TypeApply: 279, ClassDef: 234, SelectFromArray: 211, ExistentialTypeTree: 180, Select: 157, ApplyDynamic: 146, Try: 128, If: 92, Function: 80, DefDef: 70, TypeDef: 70, CompoundTypeTree: 66, AppliedTypeTree: 63, ApplyToImplicitArgs: 44, Block: 37, ArrayValue: 36, Ident: 35, ApplyImplicitView: 27, Typed: 25, Return: 24, SingletonTypeTree: 21, New: 16, LabelDef: 15, Throw: 15, Bind: 15, ValDef: 13, AssignOrNamedArg: 12, TypeBoundsTree: 12, Super: 11, Literal: 8, Assign: 6, This: 4, : 1, TypeTree: 1)
[info] time spent in <:<        : 0 spans, 0ns (0.0%)
[info] time spent in findmember : 0 spans, 0ns (0.0%)
[info] time spent in asSeenFrom : 0 spans, 0ns (0.0%)
[info] #implicit searches       : 12218
[info] #tried, plausible, matching, typed, found implicits: 0, 16533, 16533, 15397, 8884
[info] #implicit improves tests : 6911
[info] #implicit improves cached: 4469
[info] #implicit inscope hits   : 4395
[info] #implicit oftype hits    : 4409
[info] #ctr1                    : 0
[info] #ctr2                    : 0
[info] #ctr3                    : 0
[info] #ctr4                    : 0
[info] #counter1                : 0
[info] #counter2                : 0
[info] #timer1                  : 0 spans, 0ns
[info] #timer2                  : 0 spans, 0ns
[info] *** Cumulative statistics at phase erasure
[info] #created tree nodes  : 193247
[info] #created tree nodes by type: ArrayBuffer()
[info] #retained nodes          : 56250
[info] #retained nodes by type  : ArrayBuffer(Select: 14389, TypeTree: 8037, Apply: 7046, This: 6147, Literal: 3790, DefDef: 2745, Ident: 2580, ApplyToImplicitArgs: 1812, Block: 1642, ValDef: 1494, : 1205, New: 875, Template: 714, ClassDef: 714, Super: 711, ApplyImplicitView: 680, Typed: 669, TypeApply: 548, ArrayValue: 238, If: 88, PackageDef: 42, Throw: 25, Assign: 22, CaseDef: 18, LabelDef: 13, Match: 6)
[info] #typechecked identifiers : 115008
[info] #typechecked selections  : 160131
[info] #typechecked applications: 93917
[info] #raw type creations      : 0
[info]   of which in failed     : 0
[info]   of which in implicits  : 0
[info] #unique types            : 832864
[info] #symbols                 : 661906
[info]   of which type symbols  : 0
[info]   of which class symbols : 0
[info] #base type seqs          : 0
[info] avg base type seq length : NaN
[info] #singleton base type seqs: 0
[info] #compound base type seqs : 0
[info] #typeref base type seqs  : 0
[info] #findMember ops          : 0
[info]   of which in failed     : 0
[info]   of which in implicits  : 0
[info] #notfound member         : 0
[info] #multiple member         : 0
[info] #asSeenFrom ops          : 0
[info] #subtype                 : 0
[info]   of which in failed     : 0
[info]   of which in implicits  : 0
[info]   of which in app impl   : 0
[info]   of which in improv     : 0
[info] #sametype                : 0
[info] ms type-flow-analysis: 0
[info] #ctr1                    : 0
[info] #ctr2                    : 0
[info] #ctr3                    : 0
[info] #ctr4                    : 0
[info] #counter1                : 0
[info] #counter2                : 0
[info] #timer1                  : 0 spans, 0ns
[info] #timer2                  : 0 spans, 0ns
[info] *** Cumulative statistics at phase cleanup
[info] #created tree nodes  : 213863
[info] #created tree nodes by type: ArrayBuffer()
[info] #retained nodes          : 60966
[info] #retained nodes by type  : ArrayBuffer(Select: 15940, TypeTree: 8428, Apply: 7330, This: 6701, Literal: 3892, Ident: 3192, DefDef: 2711, ValDef: 1886, ApplyToImplicitArgs: 1812, Block: 1677, : 1632, New: 920, Template: 714, ClassDef: 714, Super: 711, ApplyImplicitView: 680, Typed: 669, TypeApply: 536, Assign: 307, ArrayValue: 238, If: 144, Throw: 53, PackageDef: 42, CaseDef: 18, LabelDef: 13, Match: 6)
[info] #typechecked identifiers : 115439
[info] #typechecked selections  : 160824
[info] #typechecked applications: 94280
[info] #raw type creations      : 0
[info]   of which in failed     : 0
[info]   of which in implicits  : 0
[info] #unique types            : 834805
[info] #symbols                 : 666146
[info]   of which type symbols  : 0
[info]   of which class symbols : 0
[info] #base type seqs          : 0
[info] avg base type seq length : NaN
[info] #singleton base type seqs: 0
[info] #compound base type seqs : 0
[info] #typeref base type seqs  : 0
[info] #findMember ops          : 0
[info]   of which in failed     : 0
[info]   of which in implicits  : 0
[info] #notfound member         : 0
[info] #multiple member         : 0
[info] #asSeenFrom ops          : 0
[info] #subtype                 : 0
[info]   of which in failed     : 0
[info]   of which in implicits  : 0
[info]   of which in app impl   : 0
[info]   of which in improv     : 0
[info] #sametype                : 0
[info] ms type-flow-analysis: 0
[info] #ctr1                    : 0
[info] #ctr2                    : 0
[info] #ctr3                    : 0
[info] #ctr4                    : 0
[info] #counter1                : 0
[info] #counter2                : 0
[info] #timer1                  : 0 spans, 0ns
[info] #timer2                  : 0 spans, 0ns
[info] Compilation successful.
[info]   Post-analysis: 751 classes.
[info] == scalaz-example / compile ==
[info] 
[info] == scalaz-test-suite / compile ==
[info]   Source analysis: 0 new/modified, 0 indirectly invalidated, 0 removed.
[info] Compiling main sources...
[info] Nothing to compile.
[info]   Post-analysis: 0 classes.
[info] == scalaz-test-suite / compile ==
[info] 
[info] == scalaz-full / compile ==
[info]   Source analysis: 0 new/modified, 0 indirectly invalidated, 0 removed.
[info] Compiling main sources...
[info] Nothing to compile.
[info]   Post-analysis: 0 classes.
[info] == scalaz-full / compile ==
[info] 
[info] == scalaz / compile ==
[info] == scalaz / compile ==
[success] Successful.
[info] 
[info] Total time: 153 s, completed Jun 12, 2011 12:05:31 AM
[info] 
[info] Total session time: 153 s, completed Jun 12, 2011 12:05:31 AM
[success] Build completed successfully.
      154.45 real       289.07 user        11.13 sys
