  ~/code/scratch/20110927 scalac29 -d target/scala-2.9.1/classes/ src/main/scala/npe/package.scala src/main/scala/npe/Id.scala src/main/scala/npe/Test.scala 
  ~/code/scratch/20110927 scalac29 -d target/scala-2.9.1/classes/ -classpath target/scala-2.9.1/classes/ src/main/scala/npe/Test.scala 
exception when typing ID.id
exception when typing ID.id()
exception when typing final object Test extends java.lang.Object with ScalaObject {
  def this(): object npe.Test = {
    Test.super.this();
    ()
  };
  ID.id()
}
exception when typing package npe {
  final object Test extends java.lang.Object with ScalaObject {
    def this(): object npe.Test = {
      Test.super.this();
      ()
    };
    ID.id()
  }
}
error: java.lang.NullPointerException
	at scala.tools.nsc.Global$Run.compiles(Global.scala:843)
	at scala.tools.nsc.Global$Run.compiles(Global.scala:844)
	at scala.tools.nsc.Global$Run.compiles(Global.scala:843)
	at scala.tools.nsc.transform.SpecializeTypes.addConcreteSpecMethod(SpecializeTypes.scala:1760)
	at scala.tools.nsc.transform.SpecializeTypes.scala$tools$nsc$transform$SpecializeTypes$$specializeMember(SpecializeTypes.scala:838)
	at scala.tools.nsc.transform.SpecializeTypes$$anonfun$16$$anonfun$apply$17.apply(SpecializeTypes.scala:719)
	at scala.tools.nsc.transform.SpecializeTypes$$anonfun$16$$anonfun$apply$17.apply(SpecializeTypes.scala:718)
	at scala.collection.TraversableLike$$anonfun$flatMap$1.apply(TraversableLike.scala:200)
	at scala.collection.TraversableLike$$anonfun$flatMap$1.apply(TraversableLike.scala:200)
	at scala.collection.LinearSeqOptimized$class.foreach(LinearSeqOptimized.scala:59)
	at scala.collection.immutable.List.foreach(List.scala:45)
	at scala.collection.TraversableLike$class.flatMap(TraversableLike.scala:200)
	at scala.collection.immutable.List.flatMap(List.scala:45)
	at scala.tools.nsc.transform.SpecializeTypes$$anonfun$16.apply(SpecializeTypes.scala:718)
	at scala.tools.nsc.transform.SpecializeTypes$$anonfun$16.apply(SpecializeTypes.scala:716)
	at scala.collection.TraversableLike$$anonfun$flatMap$1.apply(TraversableLike.scala:200)
	at scala.collection.TraversableLike$$anonfun$flatMap$1.apply(TraversableLike.scala:200)
	at scala.collection.LinearSeqOptimized$class.foreach(LinearSeqOptimized.scala:59)
	at scala.collection.immutable.List.foreach(List.scala:45)
	at scala.collection.TraversableLike$class.flatMap(TraversableLike.scala:200)
	at scala.collection.immutable.List.flatMap(List.scala:45)
	at scala.tools.nsc.transform.SpecializeTypes.specializeClass(SpecializeTypes.scala:716)
	at scala.tools.nsc.transform.SpecializeTypes.transformInfo(SpecializeTypes.scala:1124)
	at scala.tools.nsc.transform.InfoTransform$Phase$$anon$1.transform(InfoTransform.scala:38)
	at scala.tools.nsc.symtab.Symbols$Symbol.rawInfo(Symbols.scala:799)
	at scala.tools.nsc.symtab.Symbols$Symbol.info(Symbols.scala:742)
	at scala.tools.nsc.symtab.Symbols$Symbol.isNonBottomSubClass(Symbols.scala:1033)
	at scala.tools.nsc.symtab.Symbols$Symbol.isSubClass(Symbols.scala:1036)
	at scala.tools.nsc.transform.Erasure$Eraser.adaptMember(Erasure.scala:661)
	at scala.tools.nsc.transform.Erasure$Eraser.typed1(Erasure.scala:685)
	at scala.tools.nsc.typechecker.Typers$Typer.typed(Typers.scala:4214)
	at scala.tools.nsc.typechecker.Typers$Typer$$anonfun$typedApply$1$1.apply(Typers.scala:3326)
	at scala.tools.nsc.typechecker.Typers$Typer$$anonfun$typedApply$1$1.apply(Typers.scala:3326)
	at scala.tools.nsc.typechecker.Typers$Typer.silent(Typers.scala:629)
	at scala.tools.nsc.typechecker.Typers$Typer.typedApply$1(Typers.scala:3326)
	at scala.tools.nsc.typechecker.Typers$Typer.typed1(Typers.scala:4059)
	at scala.tools.nsc.transform.Erasure$Eraser.typed1(Erasure.scala:685)
	at scala.tools.nsc.typechecker.Typers$Typer.typed(Typers.scala:4214)
	at scala.tools.nsc.typechecker.Typers$Typer.typedStat$1(Typers.scala:2094)
	at scala.tools.nsc.typechecker.Typers$Typer$$anonfun$24.apply(Typers.scala:2178)
	at scala.tools.nsc.typechecker.Typers$Typer$$anonfun$24.apply(Typers.scala:2178)
	at scala.collection.immutable.List.loop$1(List.scala:117)
	at scala.collection.immutable.List.mapConserve(List.scala:133)
	at scala.tools.nsc.typechecker.Typers$Typer.typedStats(Typers.scala:2178)
	at scala.tools.nsc.typechecker.Typers$Typer.typedTemplate(Typers.scala:1506)
	at scala.tools.nsc.typechecker.Typers$Typer.typedClassDef(Typers.scala:1271)
	at scala.tools.nsc.typechecker.Typers$Typer.typed1(Typers.scala:3865)
	at scala.tools.nsc.transform.Erasure$Eraser.typed1(Erasure.scala:685)
	at scala.tools.nsc.typechecker.Typers$Typer.typed(Typers.scala:4214)
	at scala.tools.nsc.typechecker.Typers$Typer.typedStat$1(Typers.scala:2094)
	at scala.tools.nsc.typechecker.Typers$Typer$$anonfun$24.apply(Typers.scala:2178)
	at scala.tools.nsc.typechecker.Typers$Typer$$anonfun$24.apply(Typers.scala:2178)
	at scala.collection.immutable.List.loop$1(List.scala:117)
	at scala.collection.immutable.List.mapConserve(List.scala:133)
	at scala.tools.nsc.typechecker.Typers$Typer.typedStats(Typers.scala:2178)
	at scala.tools.nsc.typechecker.Typers$Typer.typed1(Typers.scala:3861)
	at scala.tools.nsc.transform.Erasure$Eraser.typed1(Erasure.scala:685)
	at scala.tools.nsc.typechecker.Typers$Typer.typed(Typers.scala:4214)
	at scala.tools.nsc.typechecker.Typers$Typer.typed(Typers.scala:4263)
	at scala.tools.nsc.transform.Erasure$ErasureTransformer$$anonfun$transform$1.apply(Erasure.scala:1120)
	at scala.tools.nsc.transform.Erasure$ErasureTransformer$$anonfun$transform$1.apply(Erasure.scala:1115)
	at scala.tools.nsc.symtab.SymbolTable.atPhase(SymbolTable.scala:96)
	at scala.tools.nsc.transform.Erasure$ErasureTransformer.transform(Erasure.scala:1115)
	at scala.tools.nsc.ast.Trees$Transformer.transformUnit(Trees.scala:892)
	at scala.tools.nsc.transform.Transform$Phase.apply(Transform.scala:30)
	at scala.tools.nsc.Global$GlobalPhase$$anonfun$applyPhase$1.apply(Global.scala:326)
	at scala.tools.nsc.Global$GlobalPhase$$anonfun$applyPhase$1.apply(Global.scala:326)
	at scala.tools.nsc.reporters.Reporter.withSource(Reporter.scala:47)
	at scala.tools.nsc.Global$GlobalPhase.applyPhase(Global.scala:326)
	at scala.tools.nsc.Global$GlobalPhase$$anonfun$run$1.apply(Global.scala:294)
	at scala.tools.nsc.Global$GlobalPhase$$anonfun$run$1.apply(Global.scala:294)
	at scala.collection.Iterator$class.foreach(Iterator.scala:652)
	at scala.collection.mutable.ListBuffer$$anon$1.foreach(ListBuffer.scala:311)
	at scala.tools.nsc.Global$GlobalPhase.run(Global.scala:294)
	at scala.tools.nsc.Global$Run.compileSources(Global.scala:949)
	at scala.tools.nsc.Global$Run.compile(Global.scala:1034)
	at scala.tools.nsc.Main$.process(Main.scala:106)
	at scala.tools.nsc.Main$.main(Main.scala:123)
	at scala.tools.nsc.Main.main(Main.scala)

Exception in thread "main" java.lang.NullPointerException
	at scala.tools.nsc.Global$Run.compiles(Global.scala:843)
	at scala.tools.nsc.Global$Run.compiles(Global.scala:844)
	at scala.tools.nsc.Global$Run.compiles(Global.scala:843)
	at scala.tools.nsc.transform.SpecializeTypes.addConcreteSpecMethod(SpecializeTypes.scala:1760)
	at scala.tools.nsc.transform.SpecializeTypes.scala$tools$nsc$transform$SpecializeTypes$$specializeMember(SpecializeTypes.scala:838)
	at scala.tools.nsc.transform.SpecializeTypes$$anonfun$16$$anonfun$apply$17.apply(SpecializeTypes.scala:719)
	at scala.tools.nsc.transform.SpecializeTypes$$anonfun$16$$anonfun$apply$17.apply(SpecializeTypes.scala:718)
	at scala.collection.TraversableLike$$anonfun$flatMap$1.apply(TraversableLike.scala:200)
	at scala.collection.TraversableLike$$anonfun$flatMap$1.apply(TraversableLike.scala:200)
	at scala.collection.LinearSeqOptimized$class.foreach(LinearSeqOptimized.scala:59)
	at scala.collection.immutable.List.foreach(List.scala:45)
	at scala.collection.TraversableLike$class.flatMap(TraversableLike.scala:200)
	at scala.collection.immutable.List.flatMap(List.scala:45)
	at scala.tools.nsc.transform.SpecializeTypes$$anonfun$16.apply(SpecializeTypes.scala:718)
	at scala.tools.nsc.transform.SpecializeTypes$$anonfun$16.apply(SpecializeTypes.scala:716)
	at scala.collection.TraversableLike$$anonfun$flatMap$1.apply(TraversableLike.scala:200)
	at scala.collection.TraversableLike$$anonfun$flatMap$1.apply(TraversableLike.scala:200)
	at scala.collection.LinearSeqOptimized$class.foreach(LinearSeqOptimized.scala:59)
	at scala.collection.immutable.List.foreach(List.scala:45)
	at scala.collection.TraversableLike$class.flatMap(TraversableLike.scala:200)
	at scala.collection.immutable.List.flatMap(List.scala:45)
	at scala.tools.nsc.transform.SpecializeTypes.specializeClass(SpecializeTypes.scala:716)
	at scala.tools.nsc.transform.SpecializeTypes.transformInfo(SpecializeTypes.scala:1124)
	at scala.tools.nsc.transform.InfoTransform$Phase$$anon$1.transform(InfoTransform.scala:38)
	at scala.tools.nsc.symtab.Symbols$Symbol.rawInfo(Symbols.scala:799)
	at scala.tools.nsc.symtab.Symbols$Symbol.info(Symbols.scala:742)
	at scala.tools.nsc.symtab.Symbols$Symbol.isNonBottomSubClass(Symbols.scala:1033)
	at scala.tools.nsc.symtab.Symbols$Symbol.isSubClass(Symbols.scala:1036)
	at scala.tools.nsc.transform.Erasure$Eraser.adaptMember(Erasure.scala:661)
	at scala.tools.nsc.transform.Erasure$Eraser.typed1(Erasure.scala:685)
	at scala.tools.nsc.typechecker.Typers$Typer.typed(Typers.scala:4214)
	at scala.tools.nsc.typechecker.Typers$Typer$$anonfun$typedApply$1$1.apply(Typers.scala:3326)
	at scala.tools.nsc.typechecker.Typers$Typer$$anonfun$typedApply$1$1.apply(Typers.scala:3326)
	at scala.tools.nsc.typechecker.Typers$Typer.silent(Typers.scala:629)
	at scala.tools.nsc.typechecker.Typers$Typer.typedApply$1(Typers.scala:3326)
	at scala.tools.nsc.typechecker.Typers$Typer.typed1(Typers.scala:4059)
	at scala.tools.nsc.transform.Erasure$Eraser.typed1(Erasure.scala:685)
	at scala.tools.nsc.typechecker.Typers$Typer.typed(Typers.scala:4214)
	at scala.tools.nsc.typechecker.Typers$Typer.typedStat$1(Typers.scala:2094)
	at scala.tools.nsc.typechecker.Typers$Typer$$anonfun$24.apply(Typers.scala:2178)
	at scala.tools.nsc.typechecker.Typers$Typer$$anonfun$24.apply(Typers.scala:2178)
	at scala.collection.immutable.List.loop$1(List.scala:117)
	at scala.collection.immutable.List.mapConserve(List.scala:133)
	at scala.tools.nsc.typechecker.Typers$Typer.typedStats(Typers.scala:2178)
	at scala.tools.nsc.typechecker.Typers$Typer.typedTemplate(Typers.scala:1506)
	at scala.tools.nsc.typechecker.Typers$Typer.typedClassDef(Typers.scala:1271)
	at scala.tools.nsc.typechecker.Typers$Typer.typed1(Typers.scala:3865)
	at scala.tools.nsc.transform.Erasure$Eraser.typed1(Erasure.scala:685)
	at scala.tools.nsc.typechecker.Typers$Typer.typed(Typers.scala:4214)
	at scala.tools.nsc.typechecker.Typers$Typer.typedStat$1(Typers.scala:2094)
	at scala.tools.nsc.typechecker.Typers$Typer$$anonfun$24.apply(Typers.scala:2178)
	at scala.tools.nsc.typechecker.Typers$Typer$$anonfun$24.apply(Typers.scala:2178)
	at scala.collection.immutable.List.loop$1(List.scala:117)
	at scala.collection.immutable.List.mapConserve(List.scala:133)
	at scala.tools.nsc.typechecker.Typers$Typer.typedStats(Typers.scala:2178)
	at scala.tools.nsc.typechecker.Typers$Typer.typed1(Typers.scala:3861)
	at scala.tools.nsc.transform.Erasure$Eraser.typed1(Erasure.scala:685)
	at scala.tools.nsc.typechecker.Typers$Typer.typed(Typers.scala:4214)
	at scala.tools.nsc.typechecker.Typers$Typer.typed(Typers.scala:4263)
	at scala.tools.nsc.transform.Erasure$ErasureTransformer$$anonfun$transform$1.apply(Erasure.scala:1120)
	at scala.tools.nsc.transform.Erasure$ErasureTransformer$$anonfun$transform$1.apply(Erasure.scala:1115)
	at scala.tools.nsc.symtab.SymbolTable.atPhase(SymbolTable.scala:96)
	at scala.tools.nsc.transform.Erasure$ErasureTransformer.transform(Erasure.scala:1115)
	at scala.tools.nsc.ast.Trees$Transformer.transformUnit(Trees.scala:892)
	at scala.tools.nsc.transform.Transform$Phase.apply(Transform.scala:30)
	at scala.tools.nsc.Global$GlobalPhase$$anonfun$applyPhase$1.apply(Global.scala:326)
	at scala.tools.nsc.Global$GlobalPhase$$anonfun$applyPhase$1.apply(Global.scala:326)
	at scala.tools.nsc.reporters.Reporter.withSource(Reporter.scala:47)
	at scala.tools.nsc.Global$GlobalPhase.applyPhase(Global.scala:326)
	at scala.tools.nsc.Global$GlobalPhase$$anonfun$run$1.apply(Global.scala:294)
	at scala.tools.nsc.Global$GlobalPhase$$anonfun$run$1.apply(Global.scala:294)
	at scala.collection.Iterator$class.foreach(Iterator.scala:652)
	at scala.collection.mutable.ListBuffer$$anon$1.foreach(ListBuffer.scala:311)
	at scala.tools.nsc.Global$GlobalPhase.run(Global.scala:294)
	at scala.tools.nsc.Global$Run.compileSources(Global.scala:949)
	at scala.tools.nsc.Global$Run.compile(Global.scala:1034)
	at scala.tools.nsc.Main$.process(Main.scala:106)
	at scala.tools.nsc.Main$.main(Main.scala:123)
	at scala.tools.nsc.Main.main(Main.scala)